<?xml version="1.0" encoding="UTF-8" ?>
<testsuite tests="7" failures="0" name="testeCarro.testeCarro" time="0.03" errors="0" skipped="0">
  <properties>
[...]
</properties>
  <testcase classname="testeCarro.testeCarro" name="testeCarro.testeCarro.testeTrueMarcav1" time="0.022"/>
  <testcase classname="testeCarro.testeCarro" name="testeCarro.testeCarro.testeNotNullAnov1" time="0"/>
  <testcase classname="testeCarro.testeCarro" name="testeCarro.testeCarro.testeNotNullMarcav1" time="0"/>
  <testcase classname="testeCarro.testeCarro" name="testeCarro.testeCarro.testeNotNullModelov1" time="0"/>
  <testcase classname="testeCarro.testeCarro" name="testeCarro.testeCarro.testeTrueModelov1" time="0"/>
  <testcase classname="testeCarro.testeCarro" name="testeCarro.testeCarro.testeFalseModelov1" time="0.008"/>
  <testcase classname="testeCarro.testeCarro" name="testeCarro.testeCarro.testeTrueModelov2" time="0"/>
</testsuite>