<?xml version="1.0" encoding="UTF-8" ?>
<testsuite tests="11" failures="1" name="teste.TesteTriangulo" time="0.019" errors="0" skipped="0">
  <properties>
[...]
</properties>
  <testcase classname="teste.TesteTriangulo" name="teste.TesteTriangulo.testeEhTriangulo" time="0.001"/>
  <testcase classname="teste.TesteTriangulo" name="teste.TesteTriangulo.testeTipoEscaleno" time="0"/>
  <testcase classname="teste.TesteTriangulo" name="teste.TesteTriangulo.testeEhTrianguloFalso1" time="0"/>
  <testcase classname="teste.TesteTriangulo" name="teste.TesteTriangulo.testeTipoIsosceles1" time="0"/>
  <testcase classname="teste.TesteTriangulo" name="teste.TesteTriangulo.testeEhTrianguloFalso3" time="0"/>
  <testcase classname="teste.TesteTriangulo" name="teste.TesteTriangulo.testeTipoIsosceles3" time="0"/>
  <testcase classname="teste.TesteTriangulo" name="teste.TesteTriangulo.testeTipoNaoEhTriangulo" time="0.018">
    <failure message="expected: &lt;Não é triângulo!&gt; but was: &lt;Não eh triangulo&gt;" type="org.opentest4j.AssertionFailedError">org.opentest4j.AssertionFailedError: expected: &lt;Não é triângulo!&gt; but was: &lt;Não eh triangulo&gt;
	at org.junit.jupiter.api.AssertionUtils.fail(AssertionUtils.java:55)
	at org.junit.jupiter.api.AssertionUtils.failNotEqual(AssertionUtils.java:62)
	at org.junit.jupiter.api.AssertEquals.assertEquals(AssertEquals.java:182)
	at org.junit.jupiter.api.AssertEquals.assertEquals(AssertEquals.java:177)
	at org.junit.jupiter.api.Assertions.assertEquals(Assertions.java:1124)
	at teste.TesteTriangulo.testeTipoNaoEhTriangulo(TesteTriangulo.java:61)
</failure>
  </testcase>
  <testcase classname="teste.TesteTriangulo" name="teste.TesteTriangulo.testeTipoEquilatero" time="0"/>
  <testcase classname="teste.TesteTriangulo" name="teste.TesteTriangulo.testeEhTrianguloVerdadeiro" time="0"/>
  <testcase classname="teste.TesteTriangulo" name="teste.TesteTriangulo.testeTipoIsosceles2" time="0"/>
  <testcase classname="teste.TesteTriangulo" name="teste.TesteTriangulo.testeEhTrianguloFalso2" time="0"/>
</testsuite>